{
  "stats": {
    "suites": 0,
    "tests": 1,
    "passes": 1,
    "pending": 0,
    "failures": 0,
    "start": "2022-11-18T11:51:42.497Z",
    "end": "2022-11-18T11:51:45.848Z",
    "duration": 3351,
    "testsRegistered": 1,
    "passPercent": 100,
    "pendingPercent": 0,
    "other": 0,
    "hasOther": false,
    "skipped": 0,
    "hasSkipped": false
  },
  "results": [
    {
      "uuid": "08f76851-9a14-46ac-89e6-2f65360f3bc1",
      "title": "",
      "fullFile": "cypress/integration/Tests/02_SortProductsTest.js",
      "file": "cypress/integration/Tests/02_SortProductsTest.js",
      "beforeHooks": [],
      "afterHooks": [],
      "tests": [
        {
          "title": "Sort and Filter Products",
          "fullTitle": "Sort and Filter Products",
          "timedOut": null,
          "duration": 1730,
          "state": "passed",
          "speed": "fast",
          "pass": true,
          "fail": false,
          "pending": false,
          "context": null,
          "code": "cy.login();\nsortProducts.sort();",
          "err": {},
          "uuid": "b04acc2b-6afc-4704-bc48-c1babe77cb2c",
          "parentUUID": "08f76851-9a14-46ac-89e6-2f65360f3bc1",
          "isHook": false,
          "skipped": false
        }
      ],
      "suites": [],
      "passes": [
        "b04acc2b-6afc-4704-bc48-c1babe77cb2c"
      ],
      "failures": [],
      "pending": [],
      "skipped": [],
      "duration": 1730,
      "root": true,
      "rootEmpty": false,
      "_timeout": 2000
    }
  ],
  "meta": {
    "mocha": {
      "version": "7.0.1"
    },
    "mochawesome": {
      "options": {
        "quiet": false,
        "reportFilename": "mochawesome",
        "saveHtml": false,
        "saveJson": true,
        "consoleReporter": "spec",
        "useInlineDiffs": false,
        "code": true
      },
      "version": "7.1.3"
    },
    "marge": {
      "options": {
        "reportDir": "cypress/results",
        "overwrite": false,
        "html": false,
        "json": true
      },
      "version": "6.2.0"
    }
  }
}