{
  "stats": {
    "suites": 0,
    "tests": 1,
    "passes": 1,
    "pending": 0,
    "failures": 0,
    "start": "2022-11-18T11:03:51.366Z",
    "end": "2022-11-18T11:03:56.129Z",
    "duration": 4763,
    "testsRegistered": 1,
    "passPercent": 100,
    "pendingPercent": 0,
    "other": 0,
    "hasOther": false,
    "skipped": 0,
    "hasSkipped": false
  },
  "results": [
    {
      "uuid": "32907126-bde2-4c05-86fb-ce7de9825844",
      "title": "",
      "fullFile": "cypress/integration/Tests/03_AddToCartTest.js",
      "file": "cypress/integration/Tests/03_AddToCartTest.js",
      "beforeHooks": [],
      "afterHooks": [],
      "tests": [
        {
          "title": "Add multiple products to Cart test",
          "fullTitle": "Add multiple products to Cart test",
          "timedOut": null,
          "duration": 2486,
          "state": "passed",
          "speed": "fast",
          "pass": true,
          "fail": false,
          "pending": false,
          "context": null,
          "code": "cy.login();\nsortProducts.sort();\naddToCartPage.addToCart();",
          "err": {},
          "uuid": "bc778019-dfa5-402e-9221-78f211215914",
          "parentUUID": "32907126-bde2-4c05-86fb-ce7de9825844",
          "isHook": false,
          "skipped": false
        }
      ],
      "suites": [],
      "passes": [
        "bc778019-dfa5-402e-9221-78f211215914"
      ],
      "failures": [],
      "pending": [],
      "skipped": [],
      "duration": 2486,
      "root": true,
      "rootEmpty": false,
      "_timeout": 2000
    }
  ],
  "meta": {
    "mocha": {
      "version": "7.0.1"
    },
    "mochawesome": {
      "options": {
        "quiet": false,
        "reportFilename": "mochawesome",
        "saveHtml": false,
        "saveJson": true,
        "consoleReporter": "spec",
        "useInlineDiffs": false,
        "code": true
      },
      "version": "7.1.3"
    },
    "marge": {
      "options": {
        "reportDir": "cypress/results",
        "overwrite": false,
        "html": false,
        "json": true
      },
      "version": "6.2.0"
    }
  }
}