{
  "stats": {
    "suites": 0,
    "tests": 1,
    "passes": 0,
    "pending": 0,
    "failures": 1,
    "start": "2022-11-18T11:51:50.593Z",
    "end": "2022-11-18T11:52:01.646Z",
    "duration": 11053,
    "testsRegistered": 1,
    "passPercent": 0,
    "pendingPercent": 0,
    "other": 0,
    "hasOther": false,
    "skipped": 0,
    "hasSkipped": false
  },
  "results": [
    {
      "uuid": "98307047-5455-4804-ad57-45c5f27acd30",
      "title": "",
      "fullFile": "cypress/integration/Tests/03_AddToCartTest.js",
      "file": "cypress/integration/Tests/03_AddToCartTest.js",
      "beforeHooks": [],
      "afterHooks": [],
      "tests": [
        {
          "title": "Add multiple products to Cart test",
          "fullTitle": "Add multiple products to Cart test",
          "timedOut": null,
          "duration": 9001,
          "state": "failed",
          "speed": null,
          "pass": false,
          "fail": true,
          "pending": false,
          "context": null,
          "code": "cy.login();\nsortProducts.sort();\naddToCartPage.addToCart();",
          "err": {
            "message": "AssertionError: Timed out retrying after 4000ms: Expected to find element: `//button[contains(@class,'btn_primary')]`, but never found it.",
            "estack": "AssertionError: Timed out retrying after 4000ms: Expected to find element: `//button[contains(@class,'btn_primary')]`, but never found it.\n    at Context.eval (https://www.saucedemo.com/__cypress/tests?p=cypress\\integration\\Tests\\03_AddToCartTest.js:165:12)",
            "diff": null
          },
          "uuid": "94772a18-876b-47d3-967b-752bdf1de978",
          "parentUUID": "98307047-5455-4804-ad57-45c5f27acd30",
          "isHook": false,
          "skipped": false
        }
      ],
      "suites": [],
      "passes": [],
      "failures": [
        "94772a18-876b-47d3-967b-752bdf1de978"
      ],
      "pending": [],
      "skipped": [],
      "duration": 9001,
      "root": true,
      "rootEmpty": false,
      "_timeout": 2000
    }
  ],
  "meta": {
    "mocha": {
      "version": "7.0.1"
    },
    "mochawesome": {
      "options": {
        "quiet": false,
        "reportFilename": "mochawesome",
        "saveHtml": false,
        "saveJson": true,
        "consoleReporter": "spec",
        "useInlineDiffs": false,
        "code": true
      },
      "version": "7.1.3"
    },
    "marge": {
      "options": {
        "reportDir": "cypress/results",
        "overwrite": false,
        "html": false,
        "json": true
      },
      "version": "6.2.0"
    }
  }
}