{
  "stats": {
    "suites": 0,
    "tests": 1,
    "passes": 0,
    "pending": 0,
    "failures": 1,
    "start": "2022-11-18T12:02:35.985Z",
    "end": "2022-11-18T12:02:47.180Z",
    "duration": 11195,
    "testsRegistered": 1,
    "passPercent": 0,
    "pendingPercent": 0,
    "other": 0,
    "hasOther": false,
    "skipped": 0,
    "hasSkipped": false
  },
  "results": [
    {
      "uuid": "dcceeac9-31a7-4e82-8cf4-0bcbfdc94d57",
      "title": "",
      "fullFile": "cypress/integration/Tests/03_AddToCartTest.js",
      "file": "cypress/integration/Tests/03_AddToCartTest.js",
      "beforeHooks": [],
      "afterHooks": [],
      "tests": [
        {
          "title": "Add multiple products to Cart test",
          "fullTitle": "Add multiple products to Cart test",
          "timedOut": null,
          "duration": 8931,
          "state": "failed",
          "speed": null,
          "pass": false,
          "fail": true,
          "pending": false,
          "context": null,
          "code": "cy.login();\nsortProducts.sort();\naddToCartPage.addToCart();",
          "err": {
            "message": "AssertionError: Timed out retrying after 4000ms: Expected to find element: `//button[contains(@class,'btn_primary')]`, but never found it.",
            "estack": "AssertionError: Timed out retrying after 4000ms: Expected to find element: `//button[contains(@class,'btn_primary')]`, but never found it.\n    at Context.eval (https://www.saucedemo.com/__cypress/tests?p=cypress\\integration\\Tests\\03_AddToCartTest.js:165:12)",
            "diff": null
          },
          "uuid": "8bb29c9c-fe1f-422e-8d8d-9969d2b1d629",
          "parentUUID": "dcceeac9-31a7-4e82-8cf4-0bcbfdc94d57",
          "isHook": false,
          "skipped": false
        }
      ],
      "suites": [],
      "passes": [],
      "failures": [
        "8bb29c9c-fe1f-422e-8d8d-9969d2b1d629"
      ],
      "pending": [],
      "skipped": [],
      "duration": 8931,
      "root": true,
      "rootEmpty": false,
      "_timeout": 2000
    }
  ],
  "meta": {
    "mocha": {
      "version": "7.0.1"
    },
    "mochawesome": {
      "options": {
        "quiet": false,
        "reportFilename": "mochawesome",
        "saveHtml": false,
        "saveJson": true,
        "consoleReporter": "spec",
        "useInlineDiffs": false,
        "code": true
      },
      "version": "7.1.3"
    },
    "marge": {
      "options": {
        "reportDir": "cypress/results",
        "overwrite": false,
        "html": false,
        "json": true
      },
      "version": "6.2.0"
    }
  }
}