{
  "stats": {
    "suites": 0,
    "tests": 1,
    "passes": 1,
    "pending": 0,
    "failures": 0,
    "start": "2022-11-18T11:04:00.833Z",
    "end": "2022-11-18T11:04:07.465Z",
    "duration": 6632,
    "testsRegistered": 1,
    "passPercent": 100,
    "pendingPercent": 0,
    "other": 0,
    "hasOther": false,
    "skipped": 0,
    "hasSkipped": false
  },
  "results": [
    {
      "uuid": "0acdb526-af08-4731-bb54-45ca78b61587",
      "title": "",
      "fullFile": "cypress/integration/Tests/04_ChechkoutProductsTest.js",
      "file": "cypress/integration/Tests/04_ChechkoutProductsTest.js",
      "beforeHooks": [],
      "afterHooks": [],
      "tests": [
        {
          "title": "Add multiple products to Cart and checkout",
          "fullTitle": "Add multiple products to Cart and checkout",
          "timedOut": null,
          "duration": 4879,
          "state": "passed",
          "speed": "fast",
          "pass": true,
          "fail": false,
          "pending": false,
          "context": null,
          "code": "cy.login();\nsortProducts.sort();\naddToCartPage.addToCart();\ncheckoutProducts.checkout();\ncheckoutProducts.registerDetails(this.data.fName, this.data.lName, this.data.zip);\ncy.logout();",
          "err": {},
          "uuid": "e7ed43ac-0f23-4ee1-93b4-a290b5ade72f",
          "parentUUID": "0acdb526-af08-4731-bb54-45ca78b61587",
          "isHook": false,
          "skipped": false
        }
      ],
      "suites": [],
      "passes": [
        "e7ed43ac-0f23-4ee1-93b4-a290b5ade72f"
      ],
      "failures": [],
      "pending": [],
      "skipped": [],
      "duration": 4879,
      "root": true,
      "rootEmpty": false,
      "_timeout": 2000
    }
  ],
  "meta": {
    "mocha": {
      "version": "7.0.1"
    },
    "mochawesome": {
      "options": {
        "quiet": false,
        "reportFilename": "mochawesome",
        "saveHtml": false,
        "saveJson": true,
        "consoleReporter": "spec",
        "useInlineDiffs": false,
        "code": true
      },
      "version": "7.1.3"
    },
    "marge": {
      "options": {
        "reportDir": "cypress/results",
        "overwrite": false,
        "html": false,
        "json": true
      },
      "version": "6.2.0"
    }
  }
}