{
  "stats": {
    "suites": 0,
    "tests": 1,
    "passes": 1,
    "pending": 0,
    "failures": 0,
    "start": "2022-11-18T11:03:30.327Z",
    "end": "2022-11-18T11:03:36.061Z",
    "duration": 5734,
    "testsRegistered": 1,
    "passPercent": 100,
    "pendingPercent": 0,
    "other": 0,
    "hasOther": false,
    "skipped": 0,
    "hasSkipped": false
  },
  "results": [
    {
      "uuid": "78e97c62-8058-4c21-b551-6fc383477946",
      "title": "",
      "fullFile": "cypress/integration/Tests/01_LoginTest.js",
      "file": "cypress/integration/Tests/01_LoginTest.js",
      "beforeHooks": [],
      "afterHooks": [],
      "tests": [
        {
          "title": "Login test",
          "fullTitle": "Login test",
          "timedOut": null,
          "duration": 2225,
          "state": "passed",
          "speed": "fast",
          "pass": true,
          "fail": false,
          "pending": false,
          "context": null,
          "code": "cy.login(); // loginPage.navigate()\n// loginPage.enterCredentials(this.data.username, this.data.password)\n// loginPage.clickLoginButton()",
          "err": {},
          "uuid": "dd50a69a-d6b7-40c4-a548-7e167f23f2bb",
          "parentUUID": "78e97c62-8058-4c21-b551-6fc383477946",
          "isHook": false,
          "skipped": false
        }
      ],
      "suites": [],
      "passes": [
        "dd50a69a-d6b7-40c4-a548-7e167f23f2bb"
      ],
      "failures": [],
      "pending": [],
      "skipped": [],
      "duration": 2225,
      "root": true,
      "rootEmpty": false,
      "_timeout": 2000
    }
  ],
  "meta": {
    "mocha": {
      "version": "7.0.1"
    },
    "mochawesome": {
      "options": {
        "quiet": false,
        "reportFilename": "mochawesome",
        "saveHtml": false,
        "saveJson": true,
        "consoleReporter": "spec",
        "useInlineDiffs": false,
        "code": true
      },
      "version": "7.1.3"
    },
    "marge": {
      "options": {
        "reportDir": "cypress/results",
        "overwrite": false,
        "html": false,
        "json": true
      },
      "version": "6.2.0"
    }
  }
}