{
  "stats": {
    "suites": 0,
    "tests": 1,
    "passes": 1,
    "pending": 0,
    "failures": 0,
    "start": "2022-11-18T11:03:42.382Z",
    "end": "2022-11-18T11:03:46.268Z",
    "duration": 3886,
    "testsRegistered": 1,
    "passPercent": 100,
    "pendingPercent": 0,
    "other": 0,
    "hasOther": false,
    "skipped": 0,
    "hasSkipped": false
  },
  "results": [
    {
      "uuid": "c5ea2245-b274-4885-b1aa-5c3d555736d1",
      "title": "",
      "fullFile": "cypress/integration/Tests/02_SortProductsTest.js",
      "file": "cypress/integration/Tests/02_SortProductsTest.js",
      "beforeHooks": [],
      "afterHooks": [],
      "tests": [
        {
          "title": "Sort and Filter Products",
          "fullTitle": "Sort and Filter Products",
          "timedOut": null,
          "duration": 1674,
          "state": "passed",
          "speed": "fast",
          "pass": true,
          "fail": false,
          "pending": false,
          "context": null,
          "code": "cy.login();\nsortProducts.sort();",
          "err": {},
          "uuid": "a66c5ef4-3cfb-4440-9dc0-4e3b6fddf0ef",
          "parentUUID": "c5ea2245-b274-4885-b1aa-5c3d555736d1",
          "isHook": false,
          "skipped": false
        }
      ],
      "suites": [],
      "passes": [
        "a66c5ef4-3cfb-4440-9dc0-4e3b6fddf0ef"
      ],
      "failures": [],
      "pending": [],
      "skipped": [],
      "duration": 1674,
      "root": true,
      "rootEmpty": false,
      "_timeout": 2000
    }
  ],
  "meta": {
    "mocha": {
      "version": "7.0.1"
    },
    "mochawesome": {
      "options": {
        "quiet": false,
        "reportFilename": "mochawesome",
        "saveHtml": false,
        "saveJson": true,
        "consoleReporter": "spec",
        "useInlineDiffs": false,
        "code": true
      },
      "version": "7.1.3"
    },
    "marge": {
      "options": {
        "reportDir": "cypress/results",
        "overwrite": false,
        "html": false,
        "json": true
      },
      "version": "6.2.0"
    }
  }
}