{
  "stats": {
    "suites": 0,
    "tests": 1,
    "passes": 0,
    "pending": 0,
    "failures": 1,
    "start": "2022-11-18T12:02:53.644Z",
    "end": "2022-11-18T12:03:04.261Z",
    "duration": 10617,
    "testsRegistered": 1,
    "passPercent": 0,
    "pendingPercent": 0,
    "other": 0,
    "hasOther": false,
    "skipped": 0,
    "hasSkipped": false
  },
  "results": [
    {
      "uuid": "a3ebbaa5-3dd3-4056-99ac-8f43850124c5",
      "title": "",
      "fullFile": "cypress/integration/Tests/04_ChechkoutProductsTest.js",
      "file": "cypress/integration/Tests/04_ChechkoutProductsTest.js",
      "beforeHooks": [],
      "afterHooks": [],
      "tests": [
        {
          "title": "Add multiple products to Cart and checkout",
          "fullTitle": "Add multiple products to Cart and checkout",
          "timedOut": null,
          "duration": 8929,
          "state": "failed",
          "speed": null,
          "pass": false,
          "fail": true,
          "pending": false,
          "context": null,
          "code": "cy.login();\nsortProducts.sort();\naddToCartPage.addToCart();\ncheckoutProducts.checkout();\ncheckoutProducts.registerDetails(this.data.fName, this.data.lName, this.data.zip);\ncy.logout();",
          "err": {
            "message": "AssertionError: Timed out retrying after 4000ms: Expected to find element: `//button[contains(@class,'btn_primary')]`, but never found it.",
            "estack": "AssertionError: Timed out retrying after 4000ms: Expected to find element: `//button[contains(@class,'btn_primary')]`, but never found it.\n    at Context.eval (https://www.saucedemo.com/__cypress/tests?p=cypress\\integration\\Tests\\04_ChechkoutProductsTest.js:165:12)",
            "diff": null
          },
          "uuid": "afbf9946-b900-4e8d-8f13-f389b98490f8",
          "parentUUID": "a3ebbaa5-3dd3-4056-99ac-8f43850124c5",
          "isHook": false,
          "skipped": false
        }
      ],
      "suites": [],
      "passes": [],
      "failures": [
        "afbf9946-b900-4e8d-8f13-f389b98490f8"
      ],
      "pending": [],
      "skipped": [],
      "duration": 8929,
      "root": true,
      "rootEmpty": false,
      "_timeout": 2000
    }
  ],
  "meta": {
    "mocha": {
      "version": "7.0.1"
    },
    "mochawesome": {
      "options": {
        "quiet": false,
        "reportFilename": "mochawesome",
        "saveHtml": false,
        "saveJson": true,
        "consoleReporter": "spec",
        "useInlineDiffs": false,
        "code": true
      },
      "version": "7.1.3"
    },
    "marge": {
      "options": {
        "reportDir": "cypress/results",
        "overwrite": false,
        "html": false,
        "json": true
      },
      "version": "6.2.0"
    }
  }
}