{
  "stats": {
    "suites": 0,
    "tests": 1,
    "passes": 0,
    "pending": 0,
    "failures": 1,
    "start": "2022-11-18T11:52:07.229Z",
    "end": "2022-11-18T11:52:17.854Z",
    "duration": 10625,
    "testsRegistered": 1,
    "passPercent": 0,
    "pendingPercent": 0,
    "other": 0,
    "hasOther": false,
    "skipped": 0,
    "hasSkipped": false
  },
  "results": [
    {
      "uuid": "06e2352a-b0e8-45b0-8ec6-41fbc1e7e458",
      "title": "",
      "fullFile": "cypress/integration/Tests/04_ChechkoutProductsTest.js",
      "file": "cypress/integration/Tests/04_ChechkoutProductsTest.js",
      "beforeHooks": [],
      "afterHooks": [],
      "tests": [
        {
          "title": "Add multiple products to Cart and checkout",
          "fullTitle": "Add multiple products to Cart and checkout",
          "timedOut": null,
          "duration": 8912,
          "state": "failed",
          "speed": null,
          "pass": false,
          "fail": true,
          "pending": false,
          "context": null,
          "code": "cy.login();\nsortProducts.sort();\naddToCartPage.addToCart();\ncheckoutProducts.checkout();\ncheckoutProducts.registerDetails(this.data.fName, this.data.lName, this.data.zip);\ncy.logout();",
          "err": {
            "message": "AssertionError: Timed out retrying after 4000ms: Expected to find element: `//button[contains(@class,'btn_primary')]`, but never found it.",
            "estack": "AssertionError: Timed out retrying after 4000ms: Expected to find element: `//button[contains(@class,'btn_primary')]`, but never found it.\n    at Context.eval (https://www.saucedemo.com/__cypress/tests?p=cypress\\integration\\Tests\\04_ChechkoutProductsTest.js:165:12)",
            "diff": null
          },
          "uuid": "660c365e-56d5-4361-9239-26f3f0d559b4",
          "parentUUID": "06e2352a-b0e8-45b0-8ec6-41fbc1e7e458",
          "isHook": false,
          "skipped": false
        }
      ],
      "suites": [],
      "passes": [],
      "failures": [
        "660c365e-56d5-4361-9239-26f3f0d559b4"
      ],
      "pending": [],
      "skipped": [],
      "duration": 8912,
      "root": true,
      "rootEmpty": false,
      "_timeout": 2000
    }
  ],
  "meta": {
    "mocha": {
      "version": "7.0.1"
    },
    "mochawesome": {
      "options": {
        "quiet": false,
        "reportFilename": "mochawesome",
        "saveHtml": false,
        "saveJson": true,
        "consoleReporter": "spec",
        "useInlineDiffs": false,
        "code": true
      },
      "version": "7.1.3"
    },
    "marge": {
      "options": {
        "reportDir": "cypress/results",
        "overwrite": false,
        "html": false,
        "json": true
      },
      "version": "6.2.0"
    }
  }
}