<?xml version='1.0'?>
<ns2:test-suite xmlns:ns2='urn:model.allure.qatools.yandex.ru' start='1668773851499' stop='1668773862420'>
    <name></name>
    <title></title>
    <test-cases>
        <test-case start='1668773851538' status='failed' stop='1668773862315'>
            <name>Add multiple products to Cart and checkout</name>
            <title>Add multiple products to Cart and checkout</title>
            <labels/>
            <parameters/>
            <steps/>
            <attachments/>
            <failure>
                <message>Timed out retrying after 4000ms: Expected to find element: `//button[contains(@class,'btn_primary')]`, but never found it.</message>
                <stack-trace>AssertionError: Timed out retrying after 4000ms: Expected to find element: `//button[contains(@class,'btn_primary')]`, but never found it.
                    at Context.eval (https://www.saucedemo.com/__cypress/tests?p=cypress\integration\Tests\04_ChechkoutProductsTest.js:165:12)</stack-trace>
            </failure>
        </test-case>
    </test-cases>
</ns2:test-suite>